<?xml version="1.0" encoding="UTF-8"?>
<testsuite name="br.com.spocktest.service.impl.UserServiceImplSpockTest" tests="4" skipped="0" failures="0" errors="0" timestamp="2021-04-05T00:02:02" hostname="void" time="0.161">
  <properties/>
  <testcase name="should find user by id" classname="br.com.spocktest.service.impl.UserServiceImplSpockTest" time="0.128"/>
  <testcase name="should find by id and throw NotFoundException" classname="br.com.spocktest.service.impl.UserServiceImplSpockTest" time="0.014"/>
  <testcase name="should find all users" classname="br.com.spocktest.service.impl.UserServiceImplSpockTest" time="0.002"/>
  <testcase name="should get user salary" classname="br.com.spocktest.service.impl.UserServiceImplSpockTest" time="0.016"/>
  <system-out><![CDATA[]]></system-out>
  <system-err><![CDATA[]]></system-err>
</testsuite>
